<?xml version="1.0" encoding="UTF-8"?>
<!-- Generated by org.testng.reporters.JUnitReportReporter -->
<testsuite skipped="0" hostname="Deepshikhamy" name="org.testing.testscripts.TC4_GetAll" tests="1" failures="0" timestamp="2022-05-17T23:41:20 IST" time="0.163" errors="0">
  <testcase name="TC4" time="0.163" classname="org.testing.testscripts.TC4_GetAll"/>
  <system-out/>
</testsuite> <!-- org.testing.testscripts.TC4_GetAll -->
