<?xml version="1.0" encoding="UTF-8"?>
<!-- Generated by org.testng.reporters.JUnitReportReporter -->
<testsuite skipped="0" hostname="Deepshikhamy" name="org.testing.testscripts.TC11_DummyDelete" tests="1" failures="0" timestamp="2022-05-17T23:41:20 IST" time="1.062" errors="0">
  <testcase name="TC11" time="1.062" classname="org.testing.testscripts.TC11_DummyDelete"/>
  <system-out/>
</testsuite> <!-- org.testing.testscripts.TC11_DummyDelete -->
