<?xml version="1.0" encoding="UTF-8"?>
<!-- Generated by org.testng.reporters.JUnitReportReporter -->
<testsuite skipped="0" hostname="Deepshikhamy" name="org.testing.testscripts.TC5_Putrequest" tests="1" failures="0" timestamp="2022-05-17T23:41:20 IST" time="0.125" errors="0">
  <testcase name="testcase5" time="0.125" classname="org.testing.testscripts.TC5_Putrequest"/>
  <system-out/>
</testsuite> <!-- org.testing.testscripts.TC5_Putrequest -->
