<?xml version="1.0" encoding="UTF-8"?>
<!-- Generated by org.testng.reporters.JUnitReportReporter -->
<testsuite skipped="0" hostname="Deepshikhamy" name="org.testing.testscripts.TC7Dummy_1" tests="1" failures="0" timestamp="2022-05-17T23:41:20 IST" time="13.288" errors="0">
  <testcase name="TC7" time="13.288" classname="org.testing.testscripts.TC7Dummy_1"/>
  <system-out/>
</testsuite> <!-- org.testing.testscripts.TC7Dummy_1 -->
