<?xml version="1.0" encoding="UTF-8"?>
<!-- Generated by org.testng.reporters.JUnitReportReporter -->
<testsuite skipped="0" hostname="Deepshikhamy" name="org.testing.testscripts.TC3" tests="1" failures="0" timestamp="2022-05-17T23:41:20 IST" time="1.428" errors="0">
  <testcase name="testcase3" time="1.428" classname="org.testing.testscripts.TC3"/>
  <system-out/>
</testsuite> <!-- org.testing.testscripts.TC3 -->
